The system is: Linux - 4.9.28-v7+ - armv7l
Compiling the C compiler identification source file "CMakeCCompilerId.c" succeeded.
Compiler: /usr/bin/cc 
Build flags: 
Id flags: 

The output was:
0


Compilation of the C compiler identification source "CMakeCCompilerId.c" produced "a.out"

The C compiler identification is GNU, found in "/home/pi/Documents/Control_Programs/mathgl-2.4.1/CMakeFiles/3.6.2/CompilerIdC/a.out"

Compiling the CXX compiler identification source file "CMakeCXXCompilerId.cpp" succeeded.
Compiler: /usr/bin/c++ 
Build flags: 
Id flags: 

The output was:
0


Compilation of the CXX compiler identification source "CMakeCXXCompilerId.cpp" produced "a.out"

The CXX compiler identification is GNU, found in "/home/pi/Documents/Control_Programs/mathgl-2.4.1/CMakeFiles/3.6.2/CompilerIdCXX/a.out"

Determining if the C compiler works passed with the following output:
Change Dir: /home/pi/Documents/Control_Programs/mathgl-2.4.1/CMakeFiles/CMakeTmp

Run Build Command:"/usr/bin/make" "cmTC_cc250/fast"
/usr/bin/make -f CMakeFiles/cmTC_cc250.dir/build.make CMakeFiles/cmTC_cc250.dir/build
make[1]: Entering directory '/home/pi/Documents/Control_Programs/mathgl-2.4.1/CMakeFiles/CMakeTmp'
Building C object CMakeFiles/cmTC_cc250.dir/testCCompiler.c.o
/usr/bin/cc     -o CMakeFiles/cmTC_cc250.dir/testCCompiler.c.o   -c /home/pi/Documents/Control_Programs/mathgl-2.4.1/CMakeFiles/CMakeTmp/testCCompiler.c
Linking C executable cmTC_cc250
/usr/bin/cmake -E cmake_link_script CMakeFiles/cmTC_cc250.dir/link.txt --verbose=1
/usr/bin/cc       CMakeFiles/cmTC_cc250.dir/testCCompiler.c.o  -o cmTC_cc250 -rdynamic 
make[1]: Leaving directory '/home/pi/Documents/Control_Programs/mathgl-2.4.1/CMakeFiles/CMakeTmp'


Detecting C compiler ABI info compiled with the following output:
Change Dir: /home/pi/Documents/Control_Programs/mathgl-2.4.1/CMakeFiles/CMakeTmp

Run Build Command:"/usr/bin/make" "cmTC_794ed/fast"
/usr/bin/make -f CMakeFiles/cmTC_794ed.dir/build.make CMakeFiles/cmTC_794ed.dir/build
make[1]: Entering directory '/home/pi/Documents/Control_Programs/mathgl-2.4.1/CMakeFiles/CMakeTmp'
Building C object CMakeFiles/cmTC_794ed.dir/CMakeCCompilerABI.c.o
/usr/bin/cc     -o CMakeFiles/cmTC_794ed.dir/CMakeCCompilerABI.c.o   -c /usr/share/cmake-3.6/Modules/CMakeCCompilerABI.c
Linking C executable cmTC_794ed
/usr/bin/cmake -E cmake_link_script CMakeFiles/cmTC_794ed.dir/link.txt --verbose=1
/usr/bin/cc      -v CMakeFiles/cmTC_794ed.dir/CMakeCCompilerABI.c.o  -o cmTC_794ed -rdynamic  
Using built-in specs.
COLLECT_GCC=/usr/bin/cc
COLLECT_LTO_WRAPPER=/usr/lib/gcc/arm-linux-gnueabihf/4.9/lto-wrapper
Target: arm-linux-gnueabihf
Configured with: ../src/configure -v --with-pkgversion='Raspbian 4.9.2-10' --with-bugurl=file:///usr/share/doc/gcc-4.9/README.Bugs --enable-languages=c,c++,java,go,d,fortran,objc,obj-c++ --prefix=/usr --program-suffix=-4.9 --enable-shared --enable-linker-build-id --libexecdir=/usr/lib --without-included-gettext --enable-threads=posix --with-gxx-include-dir=/usr/include/c++/4.9 --libdir=/usr/lib --enable-nls --with-sysroot=/ --enable-clocale=gnu --enable-libstdcxx-debug --enable-libstdcxx-time=yes --enable-gnu-unique-object --disable-libitm --disable-libquadmath --enable-plugin --with-system-zlib --disable-browser-plugin --enable-java-awt=gtk --enable-gtk-cairo --with-java-home=/usr/lib/jvm/java-1.5.0-gcj-4.9-armhf/jre --enable-java-home --with-jvm-root-dir=/usr/lib/jvm/java-1.5.0-gcj-4.9-armhf --with-jvm-jar-dir=/usr/lib/jvm-exports/java-1.5.0-gcj-4.9-armhf --with-arch-directory=arm --with-ecj-jar=/usr/share/java/eclipse-ecj.jar --enable-objc-gc --enable-multiarch --disable-sjlj-exceptions --with-arch=armv6 --with-fpu=vfp --with-float=hard --enable-checking=release --build=arm-linux-gnueabihf --host=arm-linux-gnueabihf --target=arm-linux-gnueabihf
Thread model: posix
gcc version 4.9.2 (Raspbian 4.9.2-10) 
COMPILER_PATH=/usr/lib/gcc/arm-linux-gnueabihf/4.9/:/usr/lib/gcc/arm-linux-gnueabihf/4.9/:/usr/lib/gcc/arm-linux-gnueabihf/:/usr/lib/gcc/arm-linux-gnueabihf/4.9/:/usr/lib/gcc/arm-linux-gnueabihf/
LIBRARY_PATH=/usr/lib/gcc/arm-linux-gnueabihf/4.9/:/usr/lib/gcc/arm-linux-gnueabihf/4.9/../../../arm-linux-gnueabihf/:/usr/lib/gcc/arm-linux-gnueabihf/4.9/../../../:/lib/arm-linux-gnueabihf/:/lib/:/usr/lib/arm-linux-gnueabihf/:/usr/lib/
COLLECT_GCC_OPTIONS='-v' '-o' 'cmTC_794ed' '-rdynamic' '-march=armv6' '-mfloat-abi=hard' '-mfpu=vfp' '-mtls-dialect=gnu'
 /usr/lib/gcc/arm-linux-gnueabihf/4.9/collect2 -plugin /usr/lib/gcc/arm-linux-gnueabihf/4.9/liblto_plugin.so -plugin-opt=/usr/lib/gcc/arm-linux-gnueabihf/4.9/lto-wrapper -plugin-opt=-fresolution=/tmp/ccwIaNf5.res -plugin-opt=-pass-through=-lgcc -plugin-opt=-pass-through=-lgcc_s -plugin-opt=-pass-through=-lc -plugin-opt=-pass-through=-lgcc -plugin-opt=-pass-through=-lgcc_s --sysroot=/ --build-id --eh-frame-hdr -export-dynamic -dynamic-linker /lib/ld-linux-armhf.so.3 -X --hash-style=gnu -m armelf_linux_eabi -o cmTC_794ed /usr/lib/gcc/arm-linux-gnueabihf/4.9/../../../arm-linux-gnueabihf/crt1.o /usr/lib/gcc/arm-linux-gnueabihf/4.9/../../../arm-linux-gnueabihf/crti.o /usr/lib/gcc/arm-linux-gnueabihf/4.9/crtbegin.o -L/usr/lib/gcc/arm-linux-gnueabihf/4.9 -L/usr/lib/gcc/arm-linux-gnueabihf/4.9/../../../arm-linux-gnueabihf -L/usr/lib/gcc/arm-linux-gnueabihf/4.9/../../.. -L/lib/arm-linux-gnueabihf -L/usr/lib/arm-linux-gnueabihf CMakeFiles/cmTC_794ed.dir/CMakeCCompilerABI.c.o -lgcc --as-needed -lgcc_s --no-as-needed -lc -lgcc --as-needed -lgcc_s --no-as-needed /usr/lib/gcc/arm-linux-gnueabihf/4.9/crtend.o /usr/lib/gcc/arm-linux-gnueabihf/4.9/../../../arm-linux-gnueabihf/crtn.o
make[1]: Leaving directory '/home/pi/Documents/Control_Programs/mathgl-2.4.1/CMakeFiles/CMakeTmp'


Parsed C implicit link information from above output:
  link line regex: [^( *|.*[/\])(ld|([^/\]+-)?ld|collect2)[^/\]*( |$)]
  ignore line: [Change Dir: /home/pi/Documents/Control_Programs/mathgl-2.4.1/CMakeFiles/CMakeTmp]
  ignore line: []
  ignore line: [Run Build Command:"/usr/bin/make" "cmTC_794ed/fast"]
  ignore line: [/usr/bin/make -f CMakeFiles/cmTC_794ed.dir/build.make CMakeFiles/cmTC_794ed.dir/build]
  ignore line: [make[1]: Entering directory '/home/pi/Documents/Control_Programs/mathgl-2.4.1/CMakeFiles/CMakeTmp']
  ignore line: [Building C object CMakeFiles/cmTC_794ed.dir/CMakeCCompilerABI.c.o]
  ignore line: [/usr/bin/cc     -o CMakeFiles/cmTC_794ed.dir/CMakeCCompilerABI.c.o   -c /usr/share/cmake-3.6/Modules/CMakeCCompilerABI.c]
  ignore line: [Linking C executable cmTC_794ed]
  ignore line: [/usr/bin/cmake -E cmake_link_script CMakeFiles/cmTC_794ed.dir/link.txt --verbose=1]
  ignore line: [/usr/bin/cc      -v CMakeFiles/cmTC_794ed.dir/CMakeCCompilerABI.c.o  -o cmTC_794ed -rdynamic  ]
  ignore line: [Using built-in specs.]
  ignore line: [COLLECT_GCC=/usr/bin/cc]
  ignore line: [COLLECT_LTO_WRAPPER=/usr/lib/gcc/arm-linux-gnueabihf/4.9/lto-wrapper]
  ignore line: [Target: arm-linux-gnueabihf]
  ignore line: [Configured with: ../src/configure -v --with-pkgversion='Raspbian 4.9.2-10' --with-bugurl=file:///usr/share/doc/gcc-4.9/README.Bugs --enable-languages=c,c++,java,go,d,fortran,objc,obj-c++ --prefix=/usr --program-suffix=-4.9 --enable-shared --enable-linker-build-id --libexecdir=/usr/lib --without-included-gettext --enable-threads=posix --with-gxx-include-dir=/usr/include/c++/4.9 --libdir=/usr/lib --enable-nls --with-sysroot=/ --enable-clocale=gnu --enable-libstdcxx-debug --enable-libstdcxx-time=yes --enable-gnu-unique-object --disable-libitm --disable-libquadmath --enable-plugin --with-system-zlib --disable-browser-plugin --enable-java-awt=gtk --enable-gtk-cairo --with-java-home=/usr/lib/jvm/java-1.5.0-gcj-4.9-armhf/jre --enable-java-home --with-jvm-root-dir=/usr/lib/jvm/java-1.5.0-gcj-4.9-armhf --with-jvm-jar-dir=/usr/lib/jvm-exports/java-1.5.0-gcj-4.9-armhf --with-arch-directory=arm --with-ecj-jar=/usr/share/java/eclipse-ecj.jar --enable-objc-gc --enable-multiarch --disable-sjlj-exceptions --with-arch=armv6 --with-fpu=vfp --with-float=hard --enable-checking=release --build=arm-linux-gnueabihf --host=arm-linux-gnueabihf --target=arm-linux-gnueabihf]
  ignore line: [Thread model: posix]
  ignore line: [gcc version 4.9.2 (Raspbian 4.9.2-10) ]
  ignore line: [COMPILER_PATH=/usr/lib/gcc/arm-linux-gnueabihf/4.9/:/usr/lib/gcc/arm-linux-gnueabihf/4.9/:/usr/lib/gcc/arm-linux-gnueabihf/:/usr/lib/gcc/arm-linux-gnueabihf/4.9/:/usr/lib/gcc/arm-linux-gnueabihf/]
  ignore line: [LIBRARY_PATH=/usr/lib/gcc/arm-linux-gnueabihf/4.9/:/usr/lib/gcc/arm-linux-gnueabihf/4.9/../../../arm-linux-gnueabihf/:/usr/lib/gcc/arm-linux-gnueabihf/4.9/../../../:/lib/arm-linux-gnueabihf/:/lib/:/usr/lib/arm-linux-gnueabihf/:/usr/lib/]
  ignore line: [COLLECT_GCC_OPTIONS='-v' '-o' 'cmTC_794ed' '-rdynamic' '-march=armv6' '-mfloat-abi=hard' '-mfpu=vfp' '-mtls-dialect=gnu']
  link line: [ /usr/lib/gcc/arm-linux-gnueabihf/4.9/collect2 -plugin /usr/lib/gcc/arm-linux-gnueabihf/4.9/liblto_plugin.so -plugin-opt=/usr/lib/gcc/arm-linux-gnueabihf/4.9/lto-wrapper -plugin-opt=-fresolution=/tmp/ccwIaNf5.res -plugin-opt=-pass-through=-lgcc -plugin-opt=-pass-through=-lgcc_s -plugin-opt=-pass-through=-lc -plugin-opt=-pass-through=-lgcc -plugin-opt=-pass-through=-lgcc_s --sysroot=/ --build-id --eh-frame-hdr -export-dynamic -dynamic-linker /lib/ld-linux-armhf.so.3 -X --hash-style=gnu -m armelf_linux_eabi -o cmTC_794ed /usr/lib/gcc/arm-linux-gnueabihf/4.9/../../../arm-linux-gnueabihf/crt1.o /usr/lib/gcc/arm-linux-gnueabihf/4.9/../../../arm-linux-gnueabihf/crti.o /usr/lib/gcc/arm-linux-gnueabihf/4.9/crtbegin.o -L/usr/lib/gcc/arm-linux-gnueabihf/4.9 -L/usr/lib/gcc/arm-linux-gnueabihf/4.9/../../../arm-linux-gnueabihf -L/usr/lib/gcc/arm-linux-gnueabihf/4.9/../../.. -L/lib/arm-linux-gnueabihf -L/usr/lib/arm-linux-gnueabihf CMakeFiles/cmTC_794ed.dir/CMakeCCompilerABI.c.o -lgcc --as-needed -lgcc_s --no-as-needed -lc -lgcc --as-needed -lgcc_s --no-as-needed /usr/lib/gcc/arm-linux-gnueabihf/4.9/crtend.o /usr/lib/gcc/arm-linux-gnueabihf/4.9/../../../arm-linux-gnueabihf/crtn.o]
    arg [/usr/lib/gcc/arm-linux-gnueabihf/4.9/collect2] ==> ignore
    arg [-plugin] ==> ignore
    arg [/usr/lib/gcc/arm-linux-gnueabihf/4.9/liblto_plugin.so] ==> ignore
    arg [-plugin-opt=/usr/lib/gcc/arm-linux-gnueabihf/4.9/lto-wrapper] ==> ignore
    arg [-plugin-opt=-fresolution=/tmp/ccwIaNf5.res] ==> ignore
    arg [-plugin-opt=-pass-through=-lgcc] ==> ignore
    arg [-plugin-opt=-pass-through=-lgcc_s] ==> ignore
    arg [-plugin-opt=-pass-through=-lc] ==> ignore
    arg [-plugin-opt=-pass-through=-lgcc] ==> ignore
    arg [-plugin-opt=-pass-through=-lgcc_s] ==> ignore
    arg [--sysroot=/] ==> ignore
    arg [--build-id] ==> ignore
    arg [--eh-frame-hdr] ==> ignore
    arg [-export-dynamic] ==> ignore
    arg [-dynamic-linker] ==> ignore
    arg [/lib/ld-linux-armhf.so.3] ==> ignore
    arg [-X] ==> ignore
    arg [--hash-style=gnu] ==> ignore
    arg [-m] ==> ignore
    arg [armelf_linux_eabi] ==> ignore
    arg [-o] ==> ignore
    arg [cmTC_794ed] ==> ignore
    arg [/usr/lib/gcc/arm-linux-gnueabihf/4.9/../../../arm-linux-gnueabihf/crt1.o] ==> ignore
    arg [/usr/lib/gcc/arm-linux-gnueabihf/4.9/../../../arm-linux-gnueabihf/crti.o] ==> ignore
    arg [/usr/lib/gcc/arm-linux-gnueabihf/4.9/crtbegin.o] ==> ignore
    arg [-L/usr/lib/gcc/arm-linux-gnueabihf/4.9] ==> dir [/usr/lib/gcc/arm-linux-gnueabihf/4.9]
    arg [-L/usr/lib/gcc/arm-linux-gnueabihf/4.9/../../../arm-linux-gnueabihf] ==> dir [/usr/lib/gcc/arm-linux-gnueabihf/4.9/../../../arm-linux-gnueabihf]
    arg [-L/usr/lib/gcc/arm-linux-gnueabihf/4.9/../../..] ==> dir [/usr/lib/gcc/arm-linux-gnueabihf/4.9/../../..]
    arg [-L/lib/arm-linux-gnueabihf] ==> dir [/lib/arm-linux-gnueabihf]
    arg [-L/usr/lib/arm-linux-gnueabihf] ==> dir [/usr/lib/arm-linux-gnueabihf]
    arg [CMakeFiles/cmTC_794ed.dir/CMakeCCompilerABI.c.o] ==> ignore
    arg [-lgcc] ==> lib [gcc]
    arg [--as-needed] ==> ignore
    arg [-lgcc_s] ==> lib [gcc_s]
    arg [--no-as-needed] ==> ignore
    arg [-lc] ==> lib [c]
    arg [-lgcc] ==> lib [gcc]
    arg [--as-needed] ==> ignore
    arg [-lgcc_s] ==> lib [gcc_s]
    arg [--no-as-needed] ==> ignore
    arg [/usr/lib/gcc/arm-linux-gnueabihf/4.9/crtend.o] ==> ignore
    arg [/usr/lib/gcc/arm-linux-gnueabihf/4.9/../../../arm-linux-gnueabihf/crtn.o] ==> ignore
  remove lib [gcc]
  remove lib [gcc_s]
  remove lib [gcc]
  remove lib [gcc_s]
  collapse library dir [/usr/lib/gcc/arm-linux-gnueabihf/4.9] ==> [/usr/lib/gcc/arm-linux-gnueabihf/4.9]
  collapse library dir [/usr/lib/gcc/arm-linux-gnueabihf/4.9/../../../arm-linux-gnueabihf] ==> [/usr/lib/arm-linux-gnueabihf]
  collapse library dir [/usr/lib/gcc/arm-linux-gnueabihf/4.9/../../..] ==> [/usr/lib]
  collapse library dir [/lib/arm-linux-gnueabihf] ==> [/lib/arm-linux-gnueabihf]
  collapse library dir [/usr/lib/arm-linux-gnueabihf] ==> [/usr/lib/arm-linux-gnueabihf]
  implicit libs: [c]
  implicit dirs: [/usr/lib/gcc/arm-linux-gnueabihf/4.9;/usr/lib/arm-linux-gnueabihf;/usr/lib;/lib/arm-linux-gnueabihf]
  implicit fwks: []




Detecting C [-std=c11] compiler features compiled with the following output:
Change Dir: /home/pi/Documents/Control_Programs/mathgl-2.4.1/CMakeFiles/CMakeTmp

Run Build Command:"/usr/bin/make" "cmTC_5f46c/fast"
/usr/bin/make -f CMakeFiles/cmTC_5f46c.dir/build.make CMakeFiles/cmTC_5f46c.dir/build
make[1]: Entering directory '/home/pi/Documents/Control_Programs/mathgl-2.4.1/CMakeFiles/CMakeTmp'
Building C object CMakeFiles/cmTC_5f46c.dir/feature_tests.c.o
/usr/bin/cc    -std=c11 -o CMakeFiles/cmTC_5f46c.dir/feature_tests.c.o   -c /home/pi/Documents/Control_Programs/mathgl-2.4.1/CMakeFiles/feature_tests.c
Linking C executable cmTC_5f46c
/usr/bin/cmake -E cmake_link_script CMakeFiles/cmTC_5f46c.dir/link.txt --verbose=1
/usr/bin/cc       CMakeFiles/cmTC_5f46c.dir/feature_tests.c.o  -o cmTC_5f46c -rdynamic 
make[1]: Leaving directory '/home/pi/Documents/Control_Programs/mathgl-2.4.1/CMakeFiles/CMakeTmp'


    Feature record: C_FEATURE:1c_function_prototypes
    Feature record: C_FEATURE:1c_restrict
    Feature record: C_FEATURE:1c_static_assert
    Feature record: C_FEATURE:1c_variadic_macros


Detecting C [-std=c99] compiler features compiled with the following output:
Change Dir: /home/pi/Documents/Control_Programs/mathgl-2.4.1/CMakeFiles/CMakeTmp

Run Build Command:"/usr/bin/make" "cmTC_c2133/fast"
/usr/bin/make -f CMakeFiles/cmTC_c2133.dir/build.make CMakeFiles/cmTC_c2133.dir/build
make[1]: Entering directory '/home/pi/Documents/Control_Programs/mathgl-2.4.1/CMakeFiles/CMakeTmp'
Building C object CMakeFiles/cmTC_c2133.dir/feature_tests.c.o
/usr/bin/cc    -std=c99 -o CMakeFiles/cmTC_c2133.dir/feature_tests.c.o   -c /home/pi/Documents/Control_Programs/mathgl-2.4.1/CMakeFiles/feature_tests.c
Linking C executable cmTC_c2133
/usr/bin/cmake -E cmake_link_script CMakeFiles/cmTC_c2133.dir/link.txt --verbose=1
/usr/bin/cc       CMakeFiles/cmTC_c2133.dir/feature_tests.c.o  -o cmTC_c2133 -rdynamic 
make[1]: Leaving directory '/home/pi/Documents/Control_Programs/mathgl-2.4.1/CMakeFiles/CMakeTmp'


    Feature record: C_FEATURE:1c_function_prototypes
    Feature record: C_FEATURE:1c_restrict
    Feature record: C_FEATURE:0c_static_assert
    Feature record: C_FEATURE:1c_variadic_macros


Detecting C [-std=c90] compiler features compiled with the following output:
Change Dir: /home/pi/Documents/Control_Programs/mathgl-2.4.1/CMakeFiles/CMakeTmp

Run Build Command:"/usr/bin/make" "cmTC_140c1/fast"
/usr/bin/make -f CMakeFiles/cmTC_140c1.dir/build.make CMakeFiles/cmTC_140c1.dir/build
make[1]: Entering directory '/home/pi/Documents/Control_Programs/mathgl-2.4.1/CMakeFiles/CMakeTmp'
Building C object CMakeFiles/cmTC_140c1.dir/feature_tests.c.o
/usr/bin/cc    -std=c90 -o CMakeFiles/cmTC_140c1.dir/feature_tests.c.o   -c /home/pi/Documents/Control_Programs/mathgl-2.4.1/CMakeFiles/feature_tests.c
Linking C executable cmTC_140c1
/usr/bin/cmake -E cmake_link_script CMakeFiles/cmTC_140c1.dir/link.txt --verbose=1
/usr/bin/cc       CMakeFiles/cmTC_140c1.dir/feature_tests.c.o  -o cmTC_140c1 -rdynamic 
make[1]: Leaving directory '/home/pi/Documents/Control_Programs/mathgl-2.4.1/CMakeFiles/CMakeTmp'


    Feature record: C_FEATURE:1c_function_prototypes
    Feature record: C_FEATURE:0c_restrict
    Feature record: C_FEATURE:0c_static_assert
    Feature record: C_FEATURE:0c_variadic_macros
Determining if the CXX compiler works passed with the following output:
Change Dir: /home/pi/Documents/Control_Programs/mathgl-2.4.1/CMakeFiles/CMakeTmp

Run Build Command:"/usr/bin/make" "cmTC_ade0a/fast"
/usr/bin/make -f CMakeFiles/cmTC_ade0a.dir/build.make CMakeFiles/cmTC_ade0a.dir/build
make[1]: Entering directory '/home/pi/Documents/Control_Programs/mathgl-2.4.1/CMakeFiles/CMakeTmp'
Building CXX object CMakeFiles/cmTC_ade0a.dir/testCXXCompiler.cxx.o
/usr/bin/c++      -o CMakeFiles/cmTC_ade0a.dir/testCXXCompiler.cxx.o -c /home/pi/Documents/Control_Programs/mathgl-2.4.1/CMakeFiles/CMakeTmp/testCXXCompiler.cxx
Linking CXX executable cmTC_ade0a
/usr/bin/cmake -E cmake_link_script CMakeFiles/cmTC_ade0a.dir/link.txt --verbose=1
/usr/bin/c++        CMakeFiles/cmTC_ade0a.dir/testCXXCompiler.cxx.o  -o cmTC_ade0a -rdynamic 
make[1]: Leaving directory '/home/pi/Documents/Control_Programs/mathgl-2.4.1/CMakeFiles/CMakeTmp'


Detecting CXX compiler ABI info compiled with the following output:
Change Dir: /home/pi/Documents/Control_Programs/mathgl-2.4.1/CMakeFiles/CMakeTmp

Run Build Command:"/usr/bin/make" "cmTC_ad165/fast"
/usr/bin/make -f CMakeFiles/cmTC_ad165.dir/build.make CMakeFiles/cmTC_ad165.dir/build
make[1]: Entering directory '/home/pi/Documents/Control_Programs/mathgl-2.4.1/CMakeFiles/CMakeTmp'
Building CXX object CMakeFiles/cmTC_ad165.dir/CMakeCXXCompilerABI.cpp.o
/usr/bin/c++      -o CMakeFiles/cmTC_ad165.dir/CMakeCXXCompilerABI.cpp.o -c /usr/share/cmake-3.6/Modules/CMakeCXXCompilerABI.cpp
Linking CXX executable cmTC_ad165
/usr/bin/cmake -E cmake_link_script CMakeFiles/cmTC_ad165.dir/link.txt --verbose=1
/usr/bin/c++       -v CMakeFiles/cmTC_ad165.dir/CMakeCXXCompilerABI.cpp.o  -o cmTC_ad165 -rdynamic  
Using built-in specs.
COLLECT_GCC=/usr/bin/c++
COLLECT_LTO_WRAPPER=/usr/lib/gcc/arm-linux-gnueabihf/4.9/lto-wrapper
Target: arm-linux-gnueabihf
Configured with: ../src/configure -v --with-pkgversion='Raspbian 4.9.2-10' --with-bugurl=file:///usr/share/doc/gcc-4.9/README.Bugs --enable-languages=c,c++,java,go,d,fortran,objc,obj-c++ --prefix=/usr --program-suffix=-4.9 --enable-shared --enable-linker-build-id --libexecdir=/usr/lib --without-included-gettext --enable-threads=posix --with-gxx-include-dir=/usr/include/c++/4.9 --libdir=/usr/lib --enable-nls --with-sysroot=/ --enable-clocale=gnu --enable-libstdcxx-debug --enable-libstdcxx-time=yes --enable-gnu-unique-object --disable-libitm --disable-libquadmath --enable-plugin --with-system-zlib --disable-browser-plugin --enable-java-awt=gtk --enable-gtk-cairo --with-java-home=/usr/lib/jvm/java-1.5.0-gcj-4.9-armhf/jre --enable-java-home --with-jvm-root-dir=/usr/lib/jvm/java-1.5.0-gcj-4.9-armhf --with-jvm-jar-dir=/usr/lib/jvm-exports/java-1.5.0-gcj-4.9-armhf --with-arch-directory=arm --with-ecj-jar=/usr/share/java/eclipse-ecj.jar --enable-objc-gc --enable-multiarch --disable-sjlj-exceptions --with-arch=armv6 --with-fpu=vfp --with-float=hard --enable-checking=release --build=arm-linux-gnueabihf --host=arm-linux-gnueabihf --target=arm-linux-gnueabihf
Thread model: posix
gcc version 4.9.2 (Raspbian 4.9.2-10) 
COMPILER_PATH=/usr/lib/gcc/arm-linux-gnueabihf/4.9/:/usr/lib/gcc/arm-linux-gnueabihf/4.9/:/usr/lib/gcc/arm-linux-gnueabihf/:/usr/lib/gcc/arm-linux-gnueabihf/4.9/:/usr/lib/gcc/arm-linux-gnueabihf/
LIBRARY_PATH=/usr/lib/gcc/arm-linux-gnueabihf/4.9/:/usr/lib/gcc/arm-linux-gnueabihf/4.9/../../../arm-linux-gnueabihf/:/usr/lib/gcc/arm-linux-gnueabihf/4.9/../../../:/lib/arm-linux-gnueabihf/:/lib/:/usr/lib/arm-linux-gnueabihf/:/usr/lib/
COLLECT_GCC_OPTIONS='-v' '-o' 'cmTC_ad165' '-rdynamic' '-shared-libgcc' '-march=armv6' '-mfloat-abi=hard' '-mfpu=vfp' '-mtls-dialect=gnu'
 /usr/lib/gcc/arm-linux-gnueabihf/4.9/collect2 -plugin /usr/lib/gcc/arm-linux-gnueabihf/4.9/liblto_plugin.so -plugin-opt=/usr/lib/gcc/arm-linux-gnueabihf/4.9/lto-wrapper -plugin-opt=-fresolution=/tmp/ccQ6ytlm.res -plugin-opt=-pass-through=-lgcc_s -plugin-opt=-pass-through=-lgcc -plugin-opt=-pass-through=-lc -plugin-opt=-pass-through=-lgcc_s -plugin-opt=-pass-through=-lgcc --sysroot=/ --build-id --eh-frame-hdr -export-dynamic -dynamic-linker /lib/ld-linux-armhf.so.3 -X --hash-style=gnu -m armelf_linux_eabi -o cmTC_ad165 /usr/lib/gcc/arm-linux-gnueabihf/4.9/../../../arm-linux-gnueabihf/crt1.o /usr/lib/gcc/arm-linux-gnueabihf/4.9/../../../arm-linux-gnueabihf/crti.o /usr/lib/gcc/arm-linux-gnueabihf/4.9/crtbegin.o -L/usr/lib/gcc/arm-linux-gnueabihf/4.9 -L/usr/lib/gcc/arm-linux-gnueabihf/4.9/../../../arm-linux-gnueabihf -L/usr/lib/gcc/arm-linux-gnueabihf/4.9/../../.. -L/lib/arm-linux-gnueabihf -L/usr/lib/arm-linux-gnueabihf CMakeFiles/cmTC_ad165.dir/CMakeCXXCompilerABI.cpp.o -lstdc++ -lm -lgcc_s -lgcc -lc -lgcc_s -lgcc /usr/lib/gcc/arm-linux-gnueabihf/4.9/crtend.o /usr/lib/gcc/arm-linux-gnueabihf/4.9/../../../arm-linux-gnueabihf/crtn.o
make[1]: Leaving directory '/home/pi/Documents/Control_Programs/mathgl-2.4.1/CMakeFiles/CMakeTmp'


Parsed CXX implicit link information from above output:
  link line regex: [^( *|.*[/\])(ld|([^/\]+-)?ld|collect2)[^/\]*( |$)]
  ignore line: [Change Dir: /home/pi/Documents/Control_Programs/mathgl-2.4.1/CMakeFiles/CMakeTmp]
  ignore line: []
  ignore line: [Run Build Command:"/usr/bin/make" "cmTC_ad165/fast"]
  ignore line: [/usr/bin/make -f CMakeFiles/cmTC_ad165.dir/build.make CMakeFiles/cmTC_ad165.dir/build]
  ignore line: [make[1]: Entering directory '/home/pi/Documents/Control_Programs/mathgl-2.4.1/CMakeFiles/CMakeTmp']
  ignore line: [Building CXX object CMakeFiles/cmTC_ad165.dir/CMakeCXXCompilerABI.cpp.o]
  ignore line: [/usr/bin/c++      -o CMakeFiles/cmTC_ad165.dir/CMakeCXXCompilerABI.cpp.o -c /usr/share/cmake-3.6/Modules/CMakeCXXCompilerABI.cpp]
  ignore line: [Linking CXX executable cmTC_ad165]
  ignore line: [/usr/bin/cmake -E cmake_link_script CMakeFiles/cmTC_ad165.dir/link.txt --verbose=1]
  ignore line: [/usr/bin/c++       -v CMakeFiles/cmTC_ad165.dir/CMakeCXXCompilerABI.cpp.o  -o cmTC_ad165 -rdynamic  ]
  ignore line: [Using built-in specs.]
  ignore line: [COLLECT_GCC=/usr/bin/c++]
  ignore line: [COLLECT_LTO_WRAPPER=/usr/lib/gcc/arm-linux-gnueabihf/4.9/lto-wrapper]
  ignore line: [Target: arm-linux-gnueabihf]
  ignore line: [Configured with: ../src/configure -v --with-pkgversion='Raspbian 4.9.2-10' --with-bugurl=file:///usr/share/doc/gcc-4.9/README.Bugs --enable-languages=c,c++,java,go,d,fortran,objc,obj-c++ --prefix=/usr --program-suffix=-4.9 --enable-shared --enable-linker-build-id --libexecdir=/usr/lib --without-included-gettext --enable-threads=posix --with-gxx-include-dir=/usr/include/c++/4.9 --libdir=/usr/lib --enable-nls --with-sysroot=/ --enable-clocale=gnu --enable-libstdcxx-debug --enable-libstdcxx-time=yes --enable-gnu-unique-object --disable-libitm --disable-libquadmath --enable-plugin --with-system-zlib --disable-browser-plugin --enable-java-awt=gtk --enable-gtk-cairo --with-java-home=/usr/lib/jvm/java-1.5.0-gcj-4.9-armhf/jre --enable-java-home --with-jvm-root-dir=/usr/lib/jvm/java-1.5.0-gcj-4.9-armhf --with-jvm-jar-dir=/usr/lib/jvm-exports/java-1.5.0-gcj-4.9-armhf --with-arch-directory=arm --with-ecj-jar=/usr/share/java/eclipse-ecj.jar --enable-objc-gc --enable-multiarch --disable-sjlj-exceptions --with-arch=armv6 --with-fpu=vfp --with-float=hard --enable-checking=release --build=arm-linux-gnueabihf --host=arm-linux-gnueabihf --target=arm-linux-gnueabihf]
  ignore line: [Thread model: posix]
  ignore line: [gcc version 4.9.2 (Raspbian 4.9.2-10) ]
  ignore line: [COMPILER_PATH=/usr/lib/gcc/arm-linux-gnueabihf/4.9/:/usr/lib/gcc/arm-linux-gnueabihf/4.9/:/usr/lib/gcc/arm-linux-gnueabihf/:/usr/lib/gcc/arm-linux-gnueabihf/4.9/:/usr/lib/gcc/arm-linux-gnueabihf/]
  ignore line: [LIBRARY_PATH=/usr/lib/gcc/arm-linux-gnueabihf/4.9/:/usr/lib/gcc/arm-linux-gnueabihf/4.9/../../../arm-linux-gnueabihf/:/usr/lib/gcc/arm-linux-gnueabihf/4.9/../../../:/lib/arm-linux-gnueabihf/:/lib/:/usr/lib/arm-linux-gnueabihf/:/usr/lib/]
  ignore line: [COLLECT_GCC_OPTIONS='-v' '-o' 'cmTC_ad165' '-rdynamic' '-shared-libgcc' '-march=armv6' '-mfloat-abi=hard' '-mfpu=vfp' '-mtls-dialect=gnu']
  link line: [ /usr/lib/gcc/arm-linux-gnueabihf/4.9/collect2 -plugin /usr/lib/gcc/arm-linux-gnueabihf/4.9/liblto_plugin.so -plugin-opt=/usr/lib/gcc/arm-linux-gnueabihf/4.9/lto-wrapper -plugin-opt=-fresolution=/tmp/ccQ6ytlm.res -plugin-opt=-pass-through=-lgcc_s -plugin-opt=-pass-through=-lgcc -plugin-opt=-pass-through=-lc -plugin-opt=-pass-through=-lgcc_s -plugin-opt=-pass-through=-lgcc --sysroot=/ --build-id --eh-frame-hdr -export-dynamic -dynamic-linker /lib/ld-linux-armhf.so.3 -X --hash-style=gnu -m armelf_linux_eabi -o cmTC_ad165 /usr/lib/gcc/arm-linux-gnueabihf/4.9/../../../arm-linux-gnueabihf/crt1.o /usr/lib/gcc/arm-linux-gnueabihf/4.9/../../../arm-linux-gnueabihf/crti.o /usr/lib/gcc/arm-linux-gnueabihf/4.9/crtbegin.o -L/usr/lib/gcc/arm-linux-gnueabihf/4.9 -L/usr/lib/gcc/arm-linux-gnueabihf/4.9/../../../arm-linux-gnueabihf -L/usr/lib/gcc/arm-linux-gnueabihf/4.9/../../.. -L/lib/arm-linux-gnueabihf -L/usr/lib/arm-linux-gnueabihf CMakeFiles/cmTC_ad165.dir/CMakeCXXCompilerABI.cpp.o -lstdc++ -lm -lgcc_s -lgcc -lc -lgcc_s -lgcc /usr/lib/gcc/arm-linux-gnueabihf/4.9/crtend.o /usr/lib/gcc/arm-linux-gnueabihf/4.9/../../../arm-linux-gnueabihf/crtn.o]
    arg [/usr/lib/gcc/arm-linux-gnueabihf/4.9/collect2] ==> ignore
    arg [-plugin] ==> ignore
    arg [/usr/lib/gcc/arm-linux-gnueabihf/4.9/liblto_plugin.so] ==> ignore
    arg [-plugin-opt=/usr/lib/gcc/arm-linux-gnueabihf/4.9/lto-wrapper] ==> ignore
    arg [-plugin-opt=-fresolution=/tmp/ccQ6ytlm.res] ==> ignore
    arg [-plugin-opt=-pass-through=-lgcc_s] ==> ignore
    arg [-plugin-opt=-pass-through=-lgcc] ==> ignore
    arg [-plugin-opt=-pass-through=-lc] ==> ignore
    arg [-plugin-opt=-pass-through=-lgcc_s] ==> ignore
    arg [-plugin-opt=-pass-through=-lgcc] ==> ignore
    arg [--sysroot=/] ==> ignore
    arg [--build-id] ==> ignore
    arg [--eh-frame-hdr] ==> ignore
    arg [-export-dynamic] ==> ignore
    arg [-dynamic-linker] ==> ignore
    arg [/lib/ld-linux-armhf.so.3] ==> ignore
    arg [-X] ==> ignore
    arg [--hash-style=gnu] ==> ignore
    arg [-m] ==> ignore
    arg [armelf_linux_eabi] ==> ignore
    arg [-o] ==> ignore
    arg [cmTC_ad165] ==> ignore
    arg [/usr/lib/gcc/arm-linux-gnueabihf/4.9/../../../arm-linux-gnueabihf/crt1.o] ==> ignore
    arg [/usr/lib/gcc/arm-linux-gnueabihf/4.9/../../../arm-linux-gnueabihf/crti.o] ==> ignore
    arg [/usr/lib/gcc/arm-linux-gnueabihf/4.9/crtbegin.o] ==> ignore
    arg [-L/usr/lib/gcc/arm-linux-gnueabihf/4.9] ==> dir [/usr/lib/gcc/arm-linux-gnueabihf/4.9]
    arg [-L/usr/lib/gcc/arm-linux-gnueabihf/4.9/../../../arm-linux-gnueabihf] ==> dir [/usr/lib/gcc/arm-linux-gnueabihf/4.9/../../../arm-linux-gnueabihf]
    arg [-L/usr/lib/gcc/arm-linux-gnueabihf/4.9/../../..] ==> dir [/usr/lib/gcc/arm-linux-gnueabihf/4.9/../../..]
    arg [-L/lib/arm-linux-gnueabihf] ==> dir [/lib/arm-linux-gnueabihf]
    arg [-L/usr/lib/arm-linux-gnueabihf] ==> dir [/usr/lib/arm-linux-gnueabihf]
    arg [CMakeFiles/cmTC_ad165.dir/CMakeCXXCompilerABI.cpp.o] ==> ignore
    arg [-lstdc++] ==> lib [stdc++]
    arg [-lm] ==> lib [m]
    arg [-lgcc_s] ==> lib [gcc_s]
    arg [-lgcc] ==> lib [gcc]
    arg [-lc] ==> lib [c]
    arg [-lgcc_s] ==> lib [gcc_s]
    arg [-lgcc] ==> lib [gcc]
    arg [/usr/lib/gcc/arm-linux-gnueabihf/4.9/crtend.o] ==> ignore
    arg [/usr/lib/gcc/arm-linux-gnueabihf/4.9/../../../arm-linux-gnueabihf/crtn.o] ==> ignore
  remove lib [gcc_s]
  remove lib [gcc]
  remove lib [gcc_s]
  remove lib [gcc]
  collapse library dir [/usr/lib/gcc/arm-linux-gnueabihf/4.9] ==> [/usr/lib/gcc/arm-linux-gnueabihf/4.9]
  collapse library dir [/usr/lib/gcc/arm-linux-gnueabihf/4.9/../../../arm-linux-gnueabihf] ==> [/usr/lib/arm-linux-gnueabihf]
  collapse library dir [/usr/lib/gcc/arm-linux-gnueabihf/4.9/../../..] ==> [/usr/lib]
  collapse library dir [/lib/arm-linux-gnueabihf] ==> [/lib/arm-linux-gnueabihf]
  collapse library dir [/usr/lib/arm-linux-gnueabihf] ==> [/usr/lib/arm-linux-gnueabihf]
  implicit libs: [stdc++;m;c]
  implicit dirs: [/usr/lib/gcc/arm-linux-gnueabihf/4.9;/usr/lib/arm-linux-gnueabihf;/usr/lib;/lib/arm-linux-gnueabihf]
  implicit fwks: []




Detecting CXX [-std=c++14] compiler features compiled with the following output:
Change Dir: /home/pi/Documents/Control_Programs/mathgl-2.4.1/CMakeFiles/CMakeTmp

Run Build Command:"/usr/bin/make" "cmTC_da8dd/fast"
/usr/bin/make -f CMakeFiles/cmTC_da8dd.dir/build.make CMakeFiles/cmTC_da8dd.dir/build
make[1]: Entering directory '/home/pi/Documents/Control_Programs/mathgl-2.4.1/CMakeFiles/CMakeTmp'
Building CXX object CMakeFiles/cmTC_da8dd.dir/feature_tests.cxx.o
/usr/bin/c++     -std=c++14 -o CMakeFiles/cmTC_da8dd.dir/feature_tests.cxx.o -c /home/pi/Documents/Control_Programs/mathgl-2.4.1/CMakeFiles/feature_tests.cxx
Linking CXX executable cmTC_da8dd
/usr/bin/cmake -E cmake_link_script CMakeFiles/cmTC_da8dd.dir/link.txt --verbose=1
/usr/bin/c++        CMakeFiles/cmTC_da8dd.dir/feature_tests.cxx.o  -o cmTC_da8dd -rdynamic 
make[1]: Leaving directory '/home/pi/Documents/Control_Programs/mathgl-2.4.1/CMakeFiles/CMakeTmp'


    Feature record: CXX_FEATURE:0cxx_aggregate_default_initializers
    Feature record: CXX_FEATURE:1cxx_alias_templates
    Feature record: CXX_FEATURE:1cxx_alignas
    Feature record: CXX_FEATURE:1cxx_alignof
    Feature record: CXX_FEATURE:1cxx_attributes
    Feature record: CXX_FEATURE:1cxx_attribute_deprecated
    Feature record: CXX_FEATURE:1cxx_auto_type
    Feature record: CXX_FEATURE:1cxx_binary_literals
    Feature record: CXX_FEATURE:1cxx_constexpr
    Feature record: CXX_FEATURE:1cxx_contextual_conversions
    Feature record: CXX_FEATURE:1cxx_decltype
    Feature record: CXX_FEATURE:1cxx_decltype_auto
    Feature record: CXX_FEATURE:1cxx_decltype_incomplete_return_types
    Feature record: CXX_FEATURE:1cxx_default_function_template_args
    Feature record: CXX_FEATURE:1cxx_defaulted_functions
    Feature record: CXX_FEATURE:1cxx_defaulted_move_initializers
    Feature record: CXX_FEATURE:1cxx_delegating_constructors
    Feature record: CXX_FEATURE:1cxx_deleted_functions
    Feature record: CXX_FEATURE:1cxx_digit_separators
    Feature record: CXX_FEATURE:1cxx_enum_forward_declarations
    Feature record: CXX_FEATURE:1cxx_explicit_conversions
    Feature record: CXX_FEATURE:1cxx_extended_friend_declarations
    Feature record: CXX_FEATURE:1cxx_extern_templates
    Feature record: CXX_FEATURE:1cxx_final
    Feature record: CXX_FEATURE:1cxx_func_identifier
    Feature record: CXX_FEATURE:1cxx_generalized_initializers
    Feature record: CXX_FEATURE:1cxx_generic_lambdas
    Feature record: CXX_FEATURE:1cxx_inheriting_constructors
    Feature record: CXX_FEATURE:1cxx_inline_namespaces
    Feature record: CXX_FEATURE:1cxx_lambdas
    Feature record: CXX_FEATURE:1cxx_lambda_init_captures
    Feature record: CXX_FEATURE:1cxx_local_type_template_args
    Feature record: CXX_FEATURE:1cxx_long_long_type
    Feature record: CXX_FEATURE:1cxx_noexcept
    Feature record: CXX_FEATURE:1cxx_nonstatic_member_init
    Feature record: CXX_FEATURE:1cxx_nullptr
    Feature record: CXX_FEATURE:1cxx_override
    Feature record: CXX_FEATURE:1cxx_range_for
    Feature record: CXX_FEATURE:1cxx_raw_string_literals
    Feature record: CXX_FEATURE:1cxx_reference_qualified_functions
    Feature record: CXX_FEATURE:0cxx_relaxed_constexpr
    Feature record: CXX_FEATURE:1cxx_return_type_deduction
    Feature record: CXX_FEATURE:1cxx_right_angle_brackets
    Feature record: CXX_FEATURE:1cxx_rvalue_references
    Feature record: CXX_FEATURE:1cxx_sizeof_member
    Feature record: CXX_FEATURE:1cxx_static_assert
    Feature record: CXX_FEATURE:1cxx_strong_enums
    Feature record: CXX_FEATURE:1cxx_template_template_parameters
    Feature record: CXX_FEATURE:1cxx_thread_local
    Feature record: CXX_FEATURE:1cxx_trailing_return_types
    Feature record: CXX_FEATURE:1cxx_unicode_literals
    Feature record: CXX_FEATURE:1cxx_uniform_initialization
    Feature record: CXX_FEATURE:1cxx_unrestricted_unions
    Feature record: CXX_FEATURE:1cxx_user_literals
    Feature record: CXX_FEATURE:0cxx_variable_templates
    Feature record: CXX_FEATURE:1cxx_variadic_macros
    Feature record: CXX_FEATURE:1cxx_variadic_templates


Detecting CXX [-std=c++11] compiler features compiled with the following output:
Change Dir: /home/pi/Documents/Control_Programs/mathgl-2.4.1/CMakeFiles/CMakeTmp

Run Build Command:"/usr/bin/make" "cmTC_64790/fast"
/usr/bin/make -f CMakeFiles/cmTC_64790.dir/build.make CMakeFiles/cmTC_64790.dir/build
make[1]: Entering directory '/home/pi/Documents/Control_Programs/mathgl-2.4.1/CMakeFiles/CMakeTmp'
Building CXX object CMakeFiles/cmTC_64790.dir/feature_tests.cxx.o
/usr/bin/c++     -std=c++11 -o CMakeFiles/cmTC_64790.dir/feature_tests.cxx.o -c /home/pi/Documents/Control_Programs/mathgl-2.4.1/CMakeFiles/feature_tests.cxx
Linking CXX executable cmTC_64790
/usr/bin/cmake -E cmake_link_script CMakeFiles/cmTC_64790.dir/link.txt --verbose=1
/usr/bin/c++        CMakeFiles/cmTC_64790.dir/feature_tests.cxx.o  -o cmTC_64790 -rdynamic 
make[1]: Leaving directory '/home/pi/Documents/Control_Programs/mathgl-2.4.1/CMakeFiles/CMakeTmp'


    Feature record: CXX_FEATURE:0cxx_aggregate_default_initializers
    Feature record: CXX_FEATURE:1cxx_alias_templates
    Feature record: CXX_FEATURE:1cxx_alignas
    Feature record: CXX_FEATURE:1cxx_alignof
    Feature record: CXX_FEATURE:1cxx_attributes
    Feature record: CXX_FEATURE:0cxx_attribute_deprecated
    Feature record: CXX_FEATURE:1cxx_auto_type
    Feature record: CXX_FEATURE:0cxx_binary_literals
    Feature record: CXX_FEATURE:1cxx_constexpr
    Feature record: CXX_FEATURE:0cxx_contextual_conversions
    Feature record: CXX_FEATURE:1cxx_decltype
    Feature record: CXX_FEATURE:0cxx_decltype_auto
    Feature record: CXX_FEATURE:1cxx_decltype_incomplete_return_types
    Feature record: CXX_FEATURE:1cxx_default_function_template_args
    Feature record: CXX_FEATURE:1cxx_defaulted_functions
    Feature record: CXX_FEATURE:1cxx_defaulted_move_initializers
    Feature record: CXX_FEATURE:1cxx_delegating_constructors
    Feature record: CXX_FEATURE:1cxx_deleted_functions
    Feature record: CXX_FEATURE:0cxx_digit_separators
    Feature record: CXX_FEATURE:1cxx_enum_forward_declarations
    Feature record: CXX_FEATURE:1cxx_explicit_conversions
    Feature record: CXX_FEATURE:1cxx_extended_friend_declarations
    Feature record: CXX_FEATURE:1cxx_extern_templates
    Feature record: CXX_FEATURE:1cxx_final
    Feature record: CXX_FEATURE:1cxx_func_identifier
    Feature record: CXX_FEATURE:1cxx_generalized_initializers
    Feature record: CXX_FEATURE:0cxx_generic_lambdas
    Feature record: CXX_FEATURE:1cxx_inheriting_constructors
    Feature record: CXX_FEATURE:1cxx_inline_namespaces
    Feature record: CXX_FEATURE:1cxx_lambdas
    Feature record: CXX_FEATURE:0cxx_lambda_init_captures
    Feature record: CXX_FEATURE:1cxx_local_type_template_args
    Feature record: CXX_FEATURE:1cxx_long_long_type
    Feature record: CXX_FEATURE:1cxx_noexcept
    Feature record: CXX_FEATURE:1cxx_nonstatic_member_init
    Feature record: CXX_FEATURE:1cxx_nullptr
    Feature record: CXX_FEATURE:1cxx_override
    Feature record: CXX_FEATURE:1cxx_range_for
    Feature record: CXX_FEATURE:1cxx_raw_string_literals
    Feature record: CXX_FEATURE:1cxx_reference_qualified_functions
    Feature record: CXX_FEATURE:0cxx_relaxed_constexpr
    Feature record: CXX_FEATURE:0cxx_return_type_deduction
    Feature record: CXX_FEATURE:1cxx_right_angle_brackets
    Feature record: CXX_FEATURE:1cxx_rvalue_references
    Feature record: CXX_FEATURE:1cxx_sizeof_member
    Feature record: CXX_FEATURE:1cxx_static_assert
    Feature record: CXX_FEATURE:1cxx_strong_enums
    Feature record: CXX_FEATURE:1cxx_template_template_parameters
    Feature record: CXX_FEATURE:1cxx_thread_local
    Feature record: CXX_FEATURE:1cxx_trailing_return_types
    Feature record: CXX_FEATURE:1cxx_unicode_literals
    Feature record: CXX_FEATURE:1cxx_uniform_initialization
    Feature record: CXX_FEATURE:1cxx_unrestricted_unions
    Feature record: CXX_FEATURE:1cxx_user_literals
    Feature record: CXX_FEATURE:0cxx_variable_templates
    Feature record: CXX_FEATURE:1cxx_variadic_macros
    Feature record: CXX_FEATURE:1cxx_variadic_templates


Detecting CXX [-std=c++98] compiler features compiled with the following output:
Change Dir: /home/pi/Documents/Control_Programs/mathgl-2.4.1/CMakeFiles/CMakeTmp

Run Build Command:"/usr/bin/make" "cmTC_7688e/fast"
/usr/bin/make -f CMakeFiles/cmTC_7688e.dir/build.make CMakeFiles/cmTC_7688e.dir/build
make[1]: Entering directory '/home/pi/Documents/Control_Programs/mathgl-2.4.1/CMakeFiles/CMakeTmp'
Building CXX object CMakeFiles/cmTC_7688e.dir/feature_tests.cxx.o
/usr/bin/c++     -std=c++98 -o CMakeFiles/cmTC_7688e.dir/feature_tests.cxx.o -c /home/pi/Documents/Control_Programs/mathgl-2.4.1/CMakeFiles/feature_tests.cxx
Linking CXX executable cmTC_7688e
/usr/bin/cmake -E cmake_link_script CMakeFiles/cmTC_7688e.dir/link.txt --verbose=1
/usr/bin/c++        CMakeFiles/cmTC_7688e.dir/feature_tests.cxx.o  -o cmTC_7688e -rdynamic 
make[1]: Leaving directory '/home/pi/Documents/Control_Programs/mathgl-2.4.1/CMakeFiles/CMakeTmp'


    Feature record: CXX_FEATURE:0cxx_aggregate_default_initializers
    Feature record: CXX_FEATURE:0cxx_alias_templates
    Feature record: CXX_FEATURE:0cxx_alignas
    Feature record: CXX_FEATURE:0cxx_alignof
    Feature record: CXX_FEATURE:0cxx_attributes
    Feature record: CXX_FEATURE:0cxx_attribute_deprecated
    Feature record: CXX_FEATURE:0cxx_auto_type
    Feature record: CXX_FEATURE:0cxx_binary_literals
    Feature record: CXX_FEATURE:0cxx_constexpr
    Feature record: CXX_FEATURE:0cxx_contextual_conversions
    Feature record: CXX_FEATURE:0cxx_decltype
    Feature record: CXX_FEATURE:0cxx_decltype_auto
    Feature record: CXX_FEATURE:0cxx_decltype_incomplete_return_types
    Feature record: CXX_FEATURE:0cxx_default_function_template_args
    Feature record: CXX_FEATURE:0cxx_defaulted_functions
    Feature record: CXX_FEATURE:0cxx_defaulted_move_initializers
    Feature record: CXX_FEATURE:0cxx_delegating_constructors
    Feature record: CXX_FEATURE:0cxx_deleted_functions
    Feature record: CXX_FEATURE:0cxx_digit_separators
    Feature record: CXX_FEATURE:0cxx_enum_forward_declarations
    Feature record: CXX_FEATURE:0cxx_explicit_conversions
    Feature record: CXX_FEATURE:0cxx_extended_friend_declarations
    Feature record: CXX_FEATURE:0cxx_extern_templates
    Feature record: CXX_FEATURE:0cxx_final
    Feature record: CXX_FEATURE:0cxx_func_identifier
    Feature record: CXX_FEATURE:0cxx_generalized_initializers
    Feature record: CXX_FEATURE:0cxx_generic_lambdas
    Feature record: CXX_FEATURE:0cxx_inheriting_constructors
    Feature record: CXX_FEATURE:0cxx_inline_namespaces
    Feature record: CXX_FEATURE:0cxx_lambdas
    Feature record: CXX_FEATURE:0cxx_lambda_init_captures
    Feature record: CXX_FEATURE:0cxx_local_type_template_args
    Feature record: CXX_FEATURE:0cxx_long_long_type
    Feature record: CXX_FEATURE:0cxx_noexcept
    Feature record: CXX_FEATURE:0cxx_nonstatic_member_init
    Feature record: CXX_FEATURE:0cxx_nullptr
    Feature record: CXX_FEATURE:0cxx_override
    Feature record: CXX_FEATURE:0cxx_range_for
    Feature record: CXX_FEATURE:0cxx_raw_string_literals
    Feature record: CXX_FEATURE:0cxx_reference_qualified_functions
    Feature record: CXX_FEATURE:0cxx_relaxed_constexpr
    Feature record: CXX_FEATURE:0cxx_return_type_deduction
    Feature record: CXX_FEATURE:0cxx_right_angle_brackets
    Feature record: CXX_FEATURE:0cxx_rvalue_references
    Feature record: CXX_FEATURE:0cxx_sizeof_member
    Feature record: CXX_FEATURE:0cxx_static_assert
    Feature record: CXX_FEATURE:0cxx_strong_enums
    Feature record: CXX_FEATURE:1cxx_template_template_parameters
    Feature record: CXX_FEATURE:0cxx_thread_local
    Feature record: CXX_FEATURE:0cxx_trailing_return_types
    Feature record: CXX_FEATURE:0cxx_unicode_literals
    Feature record: CXX_FEATURE:0cxx_uniform_initialization
    Feature record: CXX_FEATURE:0cxx_unrestricted_unions
    Feature record: CXX_FEATURE:0cxx_user_literals
    Feature record: CXX_FEATURE:0cxx_variable_templates
    Feature record: CXX_FEATURE:0cxx_variadic_macros
    Feature record: CXX_FEATURE:0cxx_variadic_templates
Determining if the include file sys/types.h exists passed with the following output:
Change Dir: /home/pi/Documents/Control_Programs/mathgl-2.4.1/CMakeFiles/CMakeTmp

Run Build Command:"/usr/bin/make" "cmTC_7304c/fast"
/usr/bin/make -f CMakeFiles/cmTC_7304c.dir/build.make CMakeFiles/cmTC_7304c.dir/build
make[1]: Entering directory '/home/pi/Documents/Control_Programs/mathgl-2.4.1/CMakeFiles/CMakeTmp'
Building C object CMakeFiles/cmTC_7304c.dir/CheckIncludeFile.c.o
/usr/bin/cc     -o CMakeFiles/cmTC_7304c.dir/CheckIncludeFile.c.o   -c /home/pi/Documents/Control_Programs/mathgl-2.4.1/CMakeFiles/CMakeTmp/CheckIncludeFile.c
Linking C executable cmTC_7304c
/usr/bin/cmake -E cmake_link_script CMakeFiles/cmTC_7304c.dir/link.txt --verbose=1
/usr/bin/cc       CMakeFiles/cmTC_7304c.dir/CheckIncludeFile.c.o  -o cmTC_7304c -rdynamic 
make[1]: Leaving directory '/home/pi/Documents/Control_Programs/mathgl-2.4.1/CMakeFiles/CMakeTmp'


Determining if the include file stdint.h exists passed with the following output:
Change Dir: /home/pi/Documents/Control_Programs/mathgl-2.4.1/CMakeFiles/CMakeTmp

Run Build Command:"/usr/bin/make" "cmTC_da9fe/fast"
/usr/bin/make -f CMakeFiles/cmTC_da9fe.dir/build.make CMakeFiles/cmTC_da9fe.dir/build
make[1]: Entering directory '/home/pi/Documents/Control_Programs/mathgl-2.4.1/CMakeFiles/CMakeTmp'
Building C object CMakeFiles/cmTC_da9fe.dir/CheckIncludeFile.c.o
/usr/bin/cc     -o CMakeFiles/cmTC_da9fe.dir/CheckIncludeFile.c.o   -c /home/pi/Documents/Control_Programs/mathgl-2.4.1/CMakeFiles/CMakeTmp/CheckIncludeFile.c
Linking C executable cmTC_da9fe
/usr/bin/cmake -E cmake_link_script CMakeFiles/cmTC_da9fe.dir/link.txt --verbose=1
/usr/bin/cc       CMakeFiles/cmTC_da9fe.dir/CheckIncludeFile.c.o  -o cmTC_da9fe -rdynamic 
make[1]: Leaving directory '/home/pi/Documents/Control_Programs/mathgl-2.4.1/CMakeFiles/CMakeTmp'


Determining if the include file stddef.h exists passed with the following output:
Change Dir: /home/pi/Documents/Control_Programs/mathgl-2.4.1/CMakeFiles/CMakeTmp

Run Build Command:"/usr/bin/make" "cmTC_0e6e7/fast"
/usr/bin/make -f CMakeFiles/cmTC_0e6e7.dir/build.make CMakeFiles/cmTC_0e6e7.dir/build
make[1]: Entering directory '/home/pi/Documents/Control_Programs/mathgl-2.4.1/CMakeFiles/CMakeTmp'
Building C object CMakeFiles/cmTC_0e6e7.dir/CheckIncludeFile.c.o
/usr/bin/cc     -o CMakeFiles/cmTC_0e6e7.dir/CheckIncludeFile.c.o   -c /home/pi/Documents/Control_Programs/mathgl-2.4.1/CMakeFiles/CMakeTmp/CheckIncludeFile.c
Linking C executable cmTC_0e6e7
/usr/bin/cmake -E cmake_link_script CMakeFiles/cmTC_0e6e7.dir/link.txt --verbose=1
/usr/bin/cc       CMakeFiles/cmTC_0e6e7.dir/CheckIncludeFile.c.o  -o cmTC_0e6e7 -rdynamic 
make[1]: Leaving directory '/home/pi/Documents/Control_Programs/mathgl-2.4.1/CMakeFiles/CMakeTmp'


Determining size of unsigned short passed with the following output:
Change Dir: /home/pi/Documents/Control_Programs/mathgl-2.4.1/CMakeFiles/CMakeTmp

Run Build Command:"/usr/bin/make" "cmTC_949b9/fast"
/usr/bin/make -f CMakeFiles/cmTC_949b9.dir/build.make CMakeFiles/cmTC_949b9.dir/build
make[1]: Entering directory '/home/pi/Documents/Control_Programs/mathgl-2.4.1/CMakeFiles/CMakeTmp'
Building C object CMakeFiles/cmTC_949b9.dir/CMAKE_SIZEOF_UNSIGNED_SHORT.c.o
/usr/bin/cc     -o CMakeFiles/cmTC_949b9.dir/CMAKE_SIZEOF_UNSIGNED_SHORT.c.o   -c /home/pi/Documents/Control_Programs/mathgl-2.4.1/CMakeFiles/CheckTypeSize/CMAKE_SIZEOF_UNSIGNED_SHORT.c
Linking C executable cmTC_949b9
/usr/bin/cmake -E cmake_link_script CMakeFiles/cmTC_949b9.dir/link.txt --verbose=1
/usr/bin/cc       CMakeFiles/cmTC_949b9.dir/CMAKE_SIZEOF_UNSIGNED_SHORT.c.o  -o cmTC_949b9 -rdynamic 
make[1]: Leaving directory '/home/pi/Documents/Control_Programs/mathgl-2.4.1/CMakeFiles/CMakeTmp'


Determining if the system is big endian passed with the following output:
Change Dir: /home/pi/Documents/Control_Programs/mathgl-2.4.1/CMakeFiles/CMakeTmp

Run Build Command:"/usr/bin/make" "cmTC_9660e/fast"
/usr/bin/make -f CMakeFiles/cmTC_9660e.dir/build.make CMakeFiles/cmTC_9660e.dir/build
make[1]: Entering directory '/home/pi/Documents/Control_Programs/mathgl-2.4.1/CMakeFiles/CMakeTmp'
Building C object CMakeFiles/cmTC_9660e.dir/TestEndianess.c.o
/usr/bin/cc     -o CMakeFiles/cmTC_9660e.dir/TestEndianess.c.o   -c /home/pi/Documents/Control_Programs/mathgl-2.4.1/CMakeFiles/CMakeTmp/TestEndianess.c
Linking C executable cmTC_9660e
/usr/bin/cmake -E cmake_link_script CMakeFiles/cmTC_9660e.dir/link.txt --verbose=1
/usr/bin/cc       CMakeFiles/cmTC_9660e.dir/TestEndianess.c.o  -o cmTC_9660e -rdynamic 
make[1]: Leaving directory '/home/pi/Documents/Control_Programs/mathgl-2.4.1/CMakeFiles/CMakeTmp'

TestEndianess.c:
/* A 16 bit integer is required. */
typedef unsigned short cmakeint16;

/* On a little endian machine, these 16bit ints will give "THIS IS LITTLE ENDIAN."
   On a big endian machine the characters will be exchanged pairwise. */
const cmakeint16 info_little[] =  {0x4854, 0x5349, 0x4920, 0x2053, 0x494c, 0x5454, 0x454c, 0x4520, 0x444e, 0x4149, 0x2e4e, 0x0000};

/* on a big endian machine, these 16bit ints will give "THIS IS BIG ENDIAN."
   On a little endian machine the characters will be exchanged pairwise. */
const cmakeint16 info_big[] =     {0x5448, 0x4953, 0x2049, 0x5320, 0x4249, 0x4720, 0x454e, 0x4449, 0x414e, 0x2e2e, 0x0000};

#ifdef __CLASSIC_C__
int main(argc, argv) int argc; char *argv[];
#else
int main(int argc, char *argv[])
#endif
{
  int require = 0;
  require += info_little[argc];
  require += info_big[argc];
  (void)argv;
  return require;
}


Determining if the function memrchr exists passed with the following output:
Change Dir: /home/pi/Documents/Control_Programs/mathgl-2.4.1/CMakeFiles/CMakeTmp

Run Build Command:"/usr/bin/make" "cmTC_c44e9/fast"
/usr/bin/make -f CMakeFiles/cmTC_c44e9.dir/build.make CMakeFiles/cmTC_c44e9.dir/build
make[1]: Entering directory '/home/pi/Documents/Control_Programs/mathgl-2.4.1/CMakeFiles/CMakeTmp'
Building C object CMakeFiles/cmTC_c44e9.dir/CheckFunctionExists.c.o
/usr/bin/cc    -DCHECK_FUNCTION_EXISTS=memrchr   -o CMakeFiles/cmTC_c44e9.dir/CheckFunctionExists.c.o   -c /usr/share/cmake-3.6/Modules/CheckFunctionExists.c
Linking C executable cmTC_c44e9
/usr/bin/cmake -E cmake_link_script CMakeFiles/cmTC_c44e9.dir/link.txt --verbose=1
/usr/bin/cc   -DCHECK_FUNCTION_EXISTS=memrchr    CMakeFiles/cmTC_c44e9.dir/CheckFunctionExists.c.o  -o cmTC_c44e9 -rdynamic 
make[1]: Leaving directory '/home/pi/Documents/Control_Programs/mathgl-2.4.1/CMakeFiles/CMakeTmp'


Determining if the function sin exists passed with the following output:
Change Dir: /home/pi/Documents/Control_Programs/mathgl-2.4.1/CMakeFiles/CMakeTmp

Run Build Command:"/usr/bin/make" "cmTC_16f03/fast"
/usr/bin/make -f CMakeFiles/cmTC_16f03.dir/build.make CMakeFiles/cmTC_16f03.dir/build
make[1]: Entering directory '/home/pi/Documents/Control_Programs/mathgl-2.4.1/CMakeFiles/CMakeTmp'
Building C object CMakeFiles/cmTC_16f03.dir/CheckFunctionExists.c.o
/usr/bin/cc    -DCHECK_FUNCTION_EXISTS=sin   -o CMakeFiles/cmTC_16f03.dir/CheckFunctionExists.c.o   -c /usr/share/cmake-3.6/Modules/CheckFunctionExists.c
<command-line>:0:23: warning: conflicting types for built-in function ‘sin’
/usr/share/cmake-3.6/Modules/CheckFunctionExists.c:7:3: note: in expansion of macro ‘CHECK_FUNCTION_EXISTS’
   CHECK_FUNCTION_EXISTS();
   ^
Linking C executable cmTC_16f03
/usr/bin/cmake -E cmake_link_script CMakeFiles/cmTC_16f03.dir/link.txt --verbose=1
/usr/bin/cc   -DCHECK_FUNCTION_EXISTS=sin    CMakeFiles/cmTC_16f03.dir/CheckFunctionExists.c.o  -o cmTC_16f03 -rdynamic -lm 
make[1]: Leaving directory '/home/pi/Documents/Control_Programs/mathgl-2.4.1/CMakeFiles/CMakeTmp'


Determining size of long passed with the following output:
Change Dir: /home/pi/Documents/Control_Programs/mathgl-2.4.1/CMakeFiles/CMakeTmp

Run Build Command:"/usr/bin/make" "cmTC_b4f68/fast"
/usr/bin/make -f CMakeFiles/cmTC_b4f68.dir/build.make CMakeFiles/cmTC_b4f68.dir/build
make[1]: Entering directory '/home/pi/Documents/Control_Programs/mathgl-2.4.1/CMakeFiles/CMakeTmp'
Building C object CMakeFiles/cmTC_b4f68.dir/SIZEOF_LONG.c.o
/usr/bin/cc     -o CMakeFiles/cmTC_b4f68.dir/SIZEOF_LONG.c.o   -c /home/pi/Documents/Control_Programs/mathgl-2.4.1/CMakeFiles/CheckTypeSize/SIZEOF_LONG.c
Linking C executable cmTC_b4f68
/usr/bin/cmake -E cmake_link_script CMakeFiles/cmTC_b4f68.dir/link.txt --verbose=1
/usr/bin/cc       CMakeFiles/cmTC_b4f68.dir/SIZEOF_LONG.c.o  -o cmTC_b4f68 -rdynamic 
make[1]: Leaving directory '/home/pi/Documents/Control_Programs/mathgl-2.4.1/CMakeFiles/CMakeTmp'


Performing C++ SOURCE FILE Test MGL_HAVE_C99_COMPLEX succeeded with the following output:
Change Dir: /home/pi/Documents/Control_Programs/mathgl-2.4.1/CMakeFiles/CMakeTmp

Run Build Command:"/usr/bin/make" "cmTC_61126/fast"
/usr/bin/make -f CMakeFiles/cmTC_61126.dir/build.make CMakeFiles/cmTC_61126.dir/build
make[1]: Entering directory '/home/pi/Documents/Control_Programs/mathgl-2.4.1/CMakeFiles/CMakeTmp'
Building CXX object CMakeFiles/cmTC_61126.dir/src.cxx.o
/usr/bin/c++     -DMGL_HAVE_C99_COMPLEX   -o CMakeFiles/cmTC_61126.dir/src.cxx.o -c /home/pi/Documents/Control_Programs/mathgl-2.4.1/CMakeFiles/CMakeTmp/src.cxx
Linking CXX executable cmTC_61126
/usr/bin/cmake -E cmake_link_script CMakeFiles/cmTC_61126.dir/link.txt --verbose=1
/usr/bin/c++    -DMGL_HAVE_C99_COMPLEX    CMakeFiles/cmTC_61126.dir/src.cxx.o  -o cmTC_61126 -rdynamic 
make[1]: Leaving directory '/home/pi/Documents/Control_Programs/mathgl-2.4.1/CMakeFiles/CMakeTmp'

Source file was:
#include <complex>
#include <complex.h>
int main(int argc, char *args[])
{std::complex<double> c(2.0, 1.0);
double _Complex i=1.0i;
double _Complex *a = reinterpret_cast<double _Complex *>(&c);
std::complex<double> b(*a);return 0;}
Performing C++ SOURCE FILE Test MGL_HAVE_NAN_INF succeeded with the following output:
Change Dir: /home/pi/Documents/Control_Programs/mathgl-2.4.1/CMakeFiles/CMakeTmp

Run Build Command:"/usr/bin/make" "cmTC_d320a/fast"
/usr/bin/make -f CMakeFiles/cmTC_d320a.dir/build.make CMakeFiles/cmTC_d320a.dir/build
make[1]: Entering directory '/home/pi/Documents/Control_Programs/mathgl-2.4.1/CMakeFiles/CMakeTmp'
Building CXX object CMakeFiles/cmTC_d320a.dir/src.cxx.o
/usr/bin/c++     -DMGL_HAVE_NAN_INF   -o CMakeFiles/cmTC_d320a.dir/src.cxx.o -c /home/pi/Documents/Control_Programs/mathgl-2.4.1/CMakeFiles/CMakeTmp/src.cxx
Linking CXX executable cmTC_d320a
/usr/bin/cmake -E cmake_link_script CMakeFiles/cmTC_d320a.dir/link.txt --verbose=1
/usr/bin/c++    -DMGL_HAVE_NAN_INF    CMakeFiles/cmTC_d320a.dir/src.cxx.o  -o cmTC_d320a -rdynamic 
make[1]: Leaving directory '/home/pi/Documents/Control_Programs/mathgl-2.4.1/CMakeFiles/CMakeTmp'

Source file was:
#include <math.h>
int main(){double a=NAN, b=INFINITY;return 0;}
Performing C++ SOURCE FILE Test MGL_HAVE_ATTRIBUTE succeeded with the following output:
Change Dir: /home/pi/Documents/Control_Programs/mathgl-2.4.1/CMakeFiles/CMakeTmp

Run Build Command:"/usr/bin/make" "cmTC_b629c/fast"
/usr/bin/make -f CMakeFiles/cmTC_b629c.dir/build.make CMakeFiles/cmTC_b629c.dir/build
make[1]: Entering directory '/home/pi/Documents/Control_Programs/mathgl-2.4.1/CMakeFiles/CMakeTmp'
Building CXX object CMakeFiles/cmTC_b629c.dir/src.cxx.o
/usr/bin/c++     -DMGL_HAVE_ATTRIBUTE   -o CMakeFiles/cmTC_b629c.dir/src.cxx.o -c /home/pi/Documents/Control_Programs/mathgl-2.4.1/CMakeFiles/CMakeTmp/src.cxx
Linking CXX executable cmTC_b629c
/usr/bin/cmake -E cmake_link_script CMakeFiles/cmTC_b629c.dir/link.txt --verbose=1
/usr/bin/c++    -DMGL_HAVE_ATTRIBUTE    CMakeFiles/cmTC_b629c.dir/src.cxx.o  -o cmTC_b629c -rdynamic 
make[1]: Leaving directory '/home/pi/Documents/Control_Programs/mathgl-2.4.1/CMakeFiles/CMakeTmp'

Source file was:
int __attribute__((pure)) test1() {return 0;}
int __attribute__((const)) test2(int x) {return x*x;}
int main(int argc, char* argv[]) {return 0;}
Performing C++ SOURCE FILE Test MGL_HAVE_GETOPT succeeded with the following output:
Change Dir: /home/pi/Documents/Control_Programs/mathgl-2.4.1/CMakeFiles/CMakeTmp

Run Build Command:"/usr/bin/make" "cmTC_6a6b5/fast"
/usr/bin/make -f CMakeFiles/cmTC_6a6b5.dir/build.make CMakeFiles/cmTC_6a6b5.dir/build
make[1]: Entering directory '/home/pi/Documents/Control_Programs/mathgl-2.4.1/CMakeFiles/CMakeTmp'
Building CXX object CMakeFiles/cmTC_6a6b5.dir/src.cxx.o
/usr/bin/c++     -DMGL_HAVE_GETOPT   -o CMakeFiles/cmTC_6a6b5.dir/src.cxx.o -c /home/pi/Documents/Control_Programs/mathgl-2.4.1/CMakeFiles/CMakeTmp/src.cxx
Linking CXX executable cmTC_6a6b5
/usr/bin/cmake -E cmake_link_script CMakeFiles/cmTC_6a6b5.dir/link.txt --verbose=1
/usr/bin/c++    -DMGL_HAVE_GETOPT    CMakeFiles/cmTC_6a6b5.dir/src.cxx.o  -o cmTC_6a6b5 -rdynamic 
make[1]: Leaving directory '/home/pi/Documents/Control_Programs/mathgl-2.4.1/CMakeFiles/CMakeTmp'

Source file was:
#include <getopt.h>
int main(int argc, char *args[]) {
int ch = getopt(argc, args, "1:2:3:4:5:6:7:8:9:hno:L:C:A:s:S:q:"); return 0; }
Performing C SOURCE FILE Test OpenMP_FLAG_DETECTED succeeded with the following output:
Change Dir: /home/pi/Documents/Control_Programs/mathgl-2.4.1/CMakeFiles/CMakeTmp

Run Build Command:"/usr/bin/make" "cmTC_5104b/fast"
/usr/bin/make -f CMakeFiles/cmTC_5104b.dir/build.make CMakeFiles/cmTC_5104b.dir/build
make[1]: Entering directory '/home/pi/Documents/Control_Programs/mathgl-2.4.1/CMakeFiles/CMakeTmp'
Building C object CMakeFiles/cmTC_5104b.dir/src.c.o
/usr/bin/cc    -DOpenMP_FLAG_DETECTED -fopenmp   -o CMakeFiles/cmTC_5104b.dir/src.c.o   -c /home/pi/Documents/Control_Programs/mathgl-2.4.1/CMakeFiles/CMakeTmp/src.c
Linking C executable cmTC_5104b
/usr/bin/cmake -E cmake_link_script CMakeFiles/cmTC_5104b.dir/link.txt --verbose=1
/usr/bin/cc   -DOpenMP_FLAG_DETECTED -fopenmp    CMakeFiles/cmTC_5104b.dir/src.c.o  -o cmTC_5104b -rdynamic 
make[1]: Leaving directory '/home/pi/Documents/Control_Programs/mathgl-2.4.1/CMakeFiles/CMakeTmp'

Source file was:

#include <omp.h>
int main() {
#ifdef _OPENMP
  return 0;
#else
  breaks_on_purpose
#endif
}

Performing C++ SOURCE FILE Test OpenMP_FLAG_DETECTED succeeded with the following output:
Change Dir: /home/pi/Documents/Control_Programs/mathgl-2.4.1/CMakeFiles/CMakeTmp

Run Build Command:"/usr/bin/make" "cmTC_ebc42/fast"
/usr/bin/make -f CMakeFiles/cmTC_ebc42.dir/build.make CMakeFiles/cmTC_ebc42.dir/build
make[1]: Entering directory '/home/pi/Documents/Control_Programs/mathgl-2.4.1/CMakeFiles/CMakeTmp'
Building CXX object CMakeFiles/cmTC_ebc42.dir/src.cxx.o
/usr/bin/c++     -DOpenMP_FLAG_DETECTED -fopenmp   -o CMakeFiles/cmTC_ebc42.dir/src.cxx.o -c /home/pi/Documents/Control_Programs/mathgl-2.4.1/CMakeFiles/CMakeTmp/src.cxx
Linking CXX executable cmTC_ebc42
/usr/bin/cmake -E cmake_link_script CMakeFiles/cmTC_ebc42.dir/link.txt --verbose=1
/usr/bin/c++    -DOpenMP_FLAG_DETECTED -fopenmp    CMakeFiles/cmTC_ebc42.dir/src.cxx.o  -o cmTC_ebc42 -rdynamic 
make[1]: Leaving directory '/home/pi/Documents/Control_Programs/mathgl-2.4.1/CMakeFiles/CMakeTmp'

Source file was:

#include <omp.h>
int main() {
#ifdef _OPENMP
  return 0;
#else
  breaks_on_purpose
#endif
}

Determining if the include file pthread.h exists passed with the following output:
Change Dir: /home/pi/Documents/Control_Programs/mathgl-2.4.1/CMakeFiles/CMakeTmp

Run Build Command:"/usr/bin/make" "cmTC_abf81/fast"
/usr/bin/make -f CMakeFiles/cmTC_abf81.dir/build.make CMakeFiles/cmTC_abf81.dir/build
make[1]: Entering directory '/home/pi/Documents/Control_Programs/mathgl-2.4.1/CMakeFiles/CMakeTmp'
Building C object CMakeFiles/cmTC_abf81.dir/CheckIncludeFile.c.o
/usr/bin/cc    -fopenmp    -o CMakeFiles/cmTC_abf81.dir/CheckIncludeFile.c.o   -c /home/pi/Documents/Control_Programs/mathgl-2.4.1/CMakeFiles/CMakeTmp/CheckIncludeFile.c
Linking C executable cmTC_abf81
/usr/bin/cmake -E cmake_link_script CMakeFiles/cmTC_abf81.dir/link.txt --verbose=1
/usr/bin/cc   -fopenmp     CMakeFiles/cmTC_abf81.dir/CheckIncludeFile.c.o  -o cmTC_abf81 -rdynamic 
make[1]: Leaving directory '/home/pi/Documents/Control_Programs/mathgl-2.4.1/CMakeFiles/CMakeTmp'


Determining if the pthread_create exist passed with the following output:
Change Dir: /home/pi/Documents/Control_Programs/mathgl-2.4.1/CMakeFiles/CMakeTmp

Run Build Command:"/usr/bin/make" "cmTC_1ed13/fast"
/usr/bin/make -f CMakeFiles/cmTC_1ed13.dir/build.make CMakeFiles/cmTC_1ed13.dir/build
make[1]: Entering directory '/home/pi/Documents/Control_Programs/mathgl-2.4.1/CMakeFiles/CMakeTmp'
Building C object CMakeFiles/cmTC_1ed13.dir/CheckSymbolExists.c.o
/usr/bin/cc    -fopenmp    -o CMakeFiles/cmTC_1ed13.dir/CheckSymbolExists.c.o   -c /home/pi/Documents/Control_Programs/mathgl-2.4.1/CMakeFiles/CMakeTmp/CheckSymbolExists.c
Linking C executable cmTC_1ed13
/usr/bin/cmake -E cmake_link_script CMakeFiles/cmTC_1ed13.dir/link.txt --verbose=1
/usr/bin/cc   -fopenmp     CMakeFiles/cmTC_1ed13.dir/CheckSymbolExists.c.o  -o cmTC_1ed13 -rdynamic 
make[1]: Leaving directory '/home/pi/Documents/Control_Programs/mathgl-2.4.1/CMakeFiles/CMakeTmp'

File /home/pi/Documents/Control_Programs/mathgl-2.4.1/CMakeFiles/CMakeTmp/CheckSymbolExists.c:
/* */
#include <pthread.h>

int main(int argc, char** argv)
{
  (void)argv;
#ifndef pthread_create
  return ((int*)(&pthread_create))[argc];
#else
  (void)argc;
  return 0;
#endif
}

Performing C++ SOURCE FILE Test COMPILER_HAS_HIDDEN_VISIBILITY succeeded with the following output:
Change Dir: /home/pi/Documents/Control_Programs/mathgl-2.4.1/CMakeFiles/CMakeTmp

Run Build Command:"/usr/bin/make" "cmTC_2dafe/fast"
/usr/bin/make -f CMakeFiles/cmTC_2dafe.dir/build.make CMakeFiles/cmTC_2dafe.dir/build
make[1]: Entering directory '/home/pi/Documents/Control_Programs/mathgl-2.4.1/CMakeFiles/CMakeTmp'
Building CXX object CMakeFiles/cmTC_2dafe.dir/src.cxx.o
/usr/bin/c++     -fopenmp -DCOMPILER_HAS_HIDDEN_VISIBILITY   -fvisibility=hidden -o CMakeFiles/cmTC_2dafe.dir/src.cxx.o -c /home/pi/Documents/Control_Programs/mathgl-2.4.1/CMakeFiles/CMakeTmp/src.cxx
Linking CXX executable cmTC_2dafe
/usr/bin/cmake -E cmake_link_script CMakeFiles/cmTC_2dafe.dir/link.txt --verbose=1
/usr/bin/c++    -fopenmp -DCOMPILER_HAS_HIDDEN_VISIBILITY    CMakeFiles/cmTC_2dafe.dir/src.cxx.o  -o cmTC_2dafe -rdynamic 
make[1]: Leaving directory '/home/pi/Documents/Control_Programs/mathgl-2.4.1/CMakeFiles/CMakeTmp'

Source file was:
int main() { return 0; }
Performing C++ SOURCE FILE Test COMPILER_HAS_HIDDEN_INLINE_VISIBILITY succeeded with the following output:
Change Dir: /home/pi/Documents/Control_Programs/mathgl-2.4.1/CMakeFiles/CMakeTmp

Run Build Command:"/usr/bin/make" "cmTC_76d9b/fast"
/usr/bin/make -f CMakeFiles/cmTC_76d9b.dir/build.make CMakeFiles/cmTC_76d9b.dir/build
make[1]: Entering directory '/home/pi/Documents/Control_Programs/mathgl-2.4.1/CMakeFiles/CMakeTmp'
Building CXX object CMakeFiles/cmTC_76d9b.dir/src.cxx.o
/usr/bin/c++     -fopenmp -DCOMPILER_HAS_HIDDEN_INLINE_VISIBILITY   -fvisibility-inlines-hidden -o CMakeFiles/cmTC_76d9b.dir/src.cxx.o -c /home/pi/Documents/Control_Programs/mathgl-2.4.1/CMakeFiles/CMakeTmp/src.cxx
Linking CXX executable cmTC_76d9b
/usr/bin/cmake -E cmake_link_script CMakeFiles/cmTC_76d9b.dir/link.txt --verbose=1
/usr/bin/c++    -fopenmp -DCOMPILER_HAS_HIDDEN_INLINE_VISIBILITY    CMakeFiles/cmTC_76d9b.dir/src.cxx.o  -o cmTC_76d9b -rdynamic 
make[1]: Leaving directory '/home/pi/Documents/Control_Programs/mathgl-2.4.1/CMakeFiles/CMakeTmp'

Source file was:
int main() { return 0; }
Performing C++ SOURCE FILE Test COMPILER_HAS_DEPRECATED_ATTR succeeded with the following output:
Change Dir: /home/pi/Documents/Control_Programs/mathgl-2.4.1/CMakeFiles/CMakeTmp

Run Build Command:"/usr/bin/make" "cmTC_89a8b/fast"
/usr/bin/make -f CMakeFiles/cmTC_89a8b.dir/build.make CMakeFiles/cmTC_89a8b.dir/build
make[1]: Entering directory '/home/pi/Documents/Control_Programs/mathgl-2.4.1/CMakeFiles/CMakeTmp'
Building CXX object CMakeFiles/cmTC_89a8b.dir/src.cxx.o
/usr/bin/c++     -fopenmp -DCOMPILER_HAS_DEPRECATED_ATTR   -o CMakeFiles/cmTC_89a8b.dir/src.cxx.o -c /home/pi/Documents/Control_Programs/mathgl-2.4.1/CMakeFiles/CMakeTmp/src.cxx
/home/pi/Documents/Control_Programs/mathgl-2.4.1/CMakeFiles/CMakeTmp/src.cxx: In function ‘int main()’:
/home/pi/Documents/Control_Programs/mathgl-2.4.1/CMakeFiles/CMakeTmp/src.cxx:2:25: warning: ‘int somefunc()’ is deprecated (declared at /home/pi/Documents/Control_Programs/mathgl-2.4.1/CMakeFiles/CMakeTmp/src.cxx:1) [-Wdeprecated-declarations]
     int main() { return somefunc();}
                         ^
/home/pi/Documents/Control_Programs/mathgl-2.4.1/CMakeFiles/CMakeTmp/src.cxx:2:34: warning: ‘int somefunc()’ is deprecated (declared at /home/pi/Documents/Control_Programs/mathgl-2.4.1/CMakeFiles/CMakeTmp/src.cxx:1) [-Wdeprecated-declarations]
     int main() { return somefunc();}
                                  ^
Linking CXX executable cmTC_89a8b
/usr/bin/cmake -E cmake_link_script CMakeFiles/cmTC_89a8b.dir/link.txt --verbose=1
/usr/bin/c++    -fopenmp -DCOMPILER_HAS_DEPRECATED_ATTR    CMakeFiles/cmTC_89a8b.dir/src.cxx.o  -o cmTC_89a8b -rdynamic 
make[1]: Leaving directory '/home/pi/Documents/Control_Programs/mathgl-2.4.1/CMakeFiles/CMakeTmp'

Source file was:
__attribute__((__deprecated__)) int somefunc() { return 0; }
    int main() { return somefunc();}
