Performing C++ SOURCE FILE Test mgl_sse failed with the following output:
Change Dir: /home/pi/Documents/Control_Programs/mathgl-2.4.1/CMakeFiles/CMakeTmp

Run Build Command:"/usr/bin/make" "cmTC_8f048/fast"
/usr/bin/make -f CMakeFiles/cmTC_8f048.dir/build.make CMakeFiles/cmTC_8f048.dir/build
make[1]: Entering directory '/home/pi/Documents/Control_Programs/mathgl-2.4.1/CMakeFiles/CMakeTmp'
Building CXX object CMakeFiles/cmTC_8f048.dir/src.cxx.o
/usr/bin/c++     -Dmgl_sse -msse2   -o CMakeFiles/cmTC_8f048.dir/src.cxx.o -c /home/pi/Documents/Control_Programs/mathgl-2.4.1/CMakeFiles/CMakeTmp/src.cxx
c++: error: unrecognized command line option ‘-msse2’
CMakeFiles/cmTC_8f048.dir/build.make:65: recipe for target 'CMakeFiles/cmTC_8f048.dir/src.cxx.o' failed
make[1]: *** [CMakeFiles/cmTC_8f048.dir/src.cxx.o] Error 1
make[1]: Leaving directory '/home/pi/Documents/Control_Programs/mathgl-2.4.1/CMakeFiles/CMakeTmp'
Makefile:126: recipe for target 'cmTC_8f048/fast' failed
make: *** [cmTC_8f048/fast] Error 2

Source file was:

		int main(void){}
Determining if the function sin exists failed with the following output:
Change Dir: /home/pi/Documents/Control_Programs/mathgl-2.4.1/CMakeFiles/CMakeTmp

Run Build Command:"/usr/bin/make" "cmTC_a8c84/fast"
/usr/bin/make -f CMakeFiles/cmTC_a8c84.dir/build.make CMakeFiles/cmTC_a8c84.dir/build
make[1]: Entering directory '/home/pi/Documents/Control_Programs/mathgl-2.4.1/CMakeFiles/CMakeTmp'
Building C object CMakeFiles/cmTC_a8c84.dir/CheckFunctionExists.c.o
/usr/bin/cc    -DCHECK_FUNCTION_EXISTS=sin   -o CMakeFiles/cmTC_a8c84.dir/CheckFunctionExists.c.o   -c /usr/share/cmake-3.6/Modules/CheckFunctionExists.c
<command-line>:0:23: warning: conflicting types for built-in function ‘sin’
/usr/share/cmake-3.6/Modules/CheckFunctionExists.c:7:3: note: in expansion of macro ‘CHECK_FUNCTION_EXISTS’
   CHECK_FUNCTION_EXISTS();
   ^
Linking C executable cmTC_a8c84
/usr/bin/cmake -E cmake_link_script CMakeFiles/cmTC_a8c84.dir/link.txt --verbose=1
/usr/bin/cc   -DCHECK_FUNCTION_EXISTS=sin    CMakeFiles/cmTC_a8c84.dir/CheckFunctionExists.c.o  -o cmTC_a8c84 -rdynamic 
CMakeFiles/cmTC_a8c84.dir/CheckFunctionExists.c.o: In function `main':
CheckFunctionExists.c:(.text+0x14): undefined reference to `sin'
collect2: error: ld returned 1 exit status
CMakeFiles/cmTC_a8c84.dir/build.make:97: recipe for target 'cmTC_a8c84' failed
make[1]: *** [cmTC_a8c84] Error 1
make[1]: Leaving directory '/home/pi/Documents/Control_Programs/mathgl-2.4.1/CMakeFiles/CMakeTmp'
Makefile:126: recipe for target 'cmTC_a8c84/fast' failed
make: *** [cmTC_a8c84/fast] Error 2


